[	02-02-2020 12:39:18	] [KICK ACTION] Player: [52] Jack Benon has kicked: JEFF TUCHE for: You have been kicked. Reason: CHEAT.
[	02-02-2020 19:16:48	] [KICK ACTION] Player: [52] Jack Benon has kicked: Bakarrie for: You have been kicked. Reason: AFK.
[	02-02-2020 21:30:44	] [KICK ACTION] Player: [52] Jack Benon has kicked: aiden for: You have been kicked. Reason: DECO RECO .
[	12-02-2020 16:14:53	] [KICK ACTION] Player: [CMD-52]-Da-cunha-Jonathan has kicked: yliesom682 for: You have been kicked. Reason: kick.
[	12-02-2020 16:15:59	] [KICK ACTION] Player: [CMD-52]-Da-cunha-Jonathan has kicked: yliesom682 for: You have been kicked. Reason: ne pas te co .
[	12-02-2020 17:01:09	] [KICK ACTION] Player: [CMD-52]-Da-cunha-Jonathan has kicked: Aiden for: You have been kicked. Reason: KIS.
[	30-03-2020 15:45:47	] [BAN ACTION] A new ban record has been added. Player: 'DuckerowskyyYT' was banned by '[CMD-52]-Da-cunha-Jonathan' for 'tp TROLL' until '01/01/3000 00:00:00'.
[	30-03-2020 16:16:30	] [BAN ACTION] A new ban record has been added. Player: 'nwm' was banned by '[CMD-52]-Da-cunha-Jonathan' for 'Banned by staff.' until '01/01/3000 00:00:00'.
[	30-03-2020 16:18:53	] [BAN ACTION] A new ban record has been added. Player: 'Pablo Alfonso' was banned by '[CMD-52]-Da-cunha-Jonathan' for 'Banned by staff.' until '01/01/3000 00:00:00'.
[	01-04-2020 20:34:20	] [BAN ACTION] A new ban record has been added. Player: 'majk po koksie' was banned by 'Lewis Larenne' for 'Banned by staff.' until '01/01/3000 00:00:00'.
[	01-04-2020 21:10:09	] [BAN ACTION] A new ban record has been added. Player: 'VIPER' was banned by 'Mick Larenne' for 'Banned by staff.' until '05/01/2020 21:10:09'.
[	08-04-2020 23:51:37	] [KICK ACTION] Player: Mick Larenne has kicked: James Drake for: You have been kicked. Reason: Stop faire le malin.
[	09-04-2020 00:09:36	] [KICK ACTION] Player: [CMD-52]-Da-cunha-Jonathan has kicked: James Drake for: You have been kicked. Reason: WARN TU A JUSTE LE SEUM .
[	11-04-2020 03:20:21	] [BAN ACTION] A new ban record has been added. Player: 'Amadeusz' was banned by 'Jos Fernandes' for 'troll' until '01/01/3000 00:00:00'.
[	11-04-2020 03:20:49	] [BAN ACTION] A new ban record has been added. Player: 'Tajgerek Bonzo CASEDROP.eu' was banned by 'Jos Fernandes' for 'car kill' until '01/01/3000 00:00:00'.
[	14-04-2020 20:19:05	] [BAN ACTION] A new ban record has been added. Player: 'Trilo' was banned by 'Mick Larenne' for 'Banned by staff.' until '04/14/2020 21:49:05'.
[	14-04-2020 20:21:21	] [BAN ACTION] A new ban record has been added. Player: 'alex merco' was banned by 'Mick Larenne' for 'Banned by staff.' until '01/01/3000 00:00:00'.
[	14-04-2020 20:21:22	] [BAN ACTION] A new ban record has been added. Player: 'InvalidPlayerName' was banned by 'Mick Larenne' for 'Banned by staff.' until '01/01/3000 00:00:00'.
[	14-04-2020 20:21:22	] [BAN ACTION] A new ban record has been added. Player: 'InvalidPlayerName' was banned by 'Mick Larenne' for 'Banned by staff.' until '01/01/3000 00:00:00'.
[	14-04-2020 20:22:12	] [BAN ACTION] A new ban record has been added. Player: 'InvalidPlayerName' was banned by 'Mick Larenne' for 'Banned by staff.' until '01/01/3000 00:00:00'.
[	15-04-2020 16:13:49	] [BAN ACTION] A new ban record has been added. Player: 'pe.ti.t.lulu56700' was banned by 'Mick Larenne' for 'Banned by staff.' until '01/01/3000 00:00:00'.
[	15-04-2020 16:13:55	] [BAN ACTION] A new ban record has been added. Player: 'pierre bourtonri' was banned by 'Mick Larenne' for 'Banned by staff.' until '01/01/3000 00:00:00'.
[	16-04-2020 00:46:12	] [BAN ACTION] A new ban record has been added. Player: 'migueludarbe13_04' was banned by 'Mick Larenne' for 'Banned by staff.' until '01/01/3000 00:00:00'.
[	17-04-2020 23:12:45	] [KICK ACTION] Player: Nathan Ferreira has kicked: Ĺëwïs śćőfíéld ︻╦╤ for: You have been kicked. Reason: AFK.
[	07-05-2020 04:39:10	] [KICK ACTION] Player: Xena & Narko / Julia Da-Cunha has kicked:  for: You have been kicked. Reason: Rappel l'illégal ou blanchissement d'argent ou drogue est interdit quand il y a personne sur le serv.
[	09-05-2020 11:51:42	] [KICK ACTION] Player: [CMD-52]-Da-cunha-Jonathan has kicked: Tony Montana for: You have been kicked. Reason: CONDUITE NON RP .
[	12-05-2020 23:35:24	] [BAN ACTION] A new ban record has been added. Player: 'Emilio Gonzales' was banned by 'Xena&Narko YT/Twitch' for 'Merci de jouer Rp' until '06/11/2020 23:35:24'.
[	12-05-2020 23:42:11	] [BAN ACTION] A new ban record has been added. Player: 'Loic Morelle' was banned by 'Xena&Narko YT/Twitch' for 'merci d'etre venue' until '06/11/2020 23:42:11'.
[	12-05-2020 23:42:45	] [BAN ACTION] A new ban record has been added. Player: 'Sehfioo Rebelle' was banned by 'Kurie-_RL' for 'Banned by staff.' until '05/13/2020 01:12:45'.
[	12-05-2020 23:50:31	] [BAN ACTION] The following ban record has been removed (player unbanned). [Player: Sehfioo Rebelle was banned by Kurie-_RL for Banned by staff. until 05/13/2020 01:12:45.]
[	13-05-2020 00:51:38	] [KICK ACTION] Player: [CMD-52]-Da-cunha-Jonathan has kicked: Richard Lopez for: You have been kicked. Reason: TROOL.
[	13-05-2020 00:52:21	] [BAN ACTION] A new ban record has been added. Player: 'InvalidPlayerName' was banned by '[CMD-52]-Da-cunha-Jonathan' for 'TROLL' until '01/01/3000 00:00:00'.
[	13-05-2020 00:55:52	] [BAN ACTION] A new ban record has been added. Player: 'Richard Lopez' was banned by '[CMD-52]-Da-cunha-Jonathan' for 'TROOL' until '01/01/3000 00:00:00'.
[	13-05-2020 02:06:07	] [BAN ACTION] A new ban record has been added. Player: 'Fabien Ollicar' was banned by 'Xena&Narko YT/Twitch' for 'Banned by staff.' until '01/01/3000 00:00:00'.
[	28-06-2020 20:53:56	] [BAN ACTION] A new ban record has been added. Player: 'Chumtm3' was banned by 'Nathan Ferreira' for 'Banned by staff.' until '01/01/3000 00:00:00'.
[	29-06-2020 16:37:53	] [BAN ACTION] A new ban record has been added. Player: 'Daris944' was banned by 'Nathan Ferreira' for 'free kill' until '06/29/2020 23:37:53'.
[	30-06-2020 15:36:11	] [BAN ACTION] A new ban record has been added. Player: 'Tonio Sanchez' was banned by 'Nathan Ferreira' for 'Banned by staff.' until '01/01/3000 00:00:00'.
[	30-06-2020 17:40:13	] [BAN ACTION] A new ban record has been added. Player: 'Fatoumakthar Al Afif' was banned by 'Xena_Narko /YTB/Twitch' for 'Banned by staff.' until '01/01/3000 00:00:00'.
[	30-06-2020 18:27:07	] [BAN ACTION] A new ban record has been added. Player: 'InvalidPlayerName' was banned by 'Nathan Ferreira' for 'Banned by staff.' until '01/01/3000 00:00:00'.
[	30-06-2020 22:23:48	] [BAN ACTION] A new ban record has been added. Player: 'xGhostNxme' was banned by 'Nathan Ferreira' for 'Banned by staff.' until '01/01/3000 00:00:00'.
[	30-06-2020 22:23:58	] [BAN ACTION] A new ban record has been added. Player: 'hsk35' was banned by 'Nathan Ferreira' for 'Banned by staff.' until '06/30/2020 23:53:58'.
[	02-07-2020 22:50:30	] [BAN ACTION] A new ban record has been added. Player: 'Amine Moca' was banned by 'Jonathan Da-cunha' for 'Banned by staff.' until '01/01/3000 00:00:00'.
[	09-07-2020 18:56:36	] [BAN ACTION] A new ban record has been added. Player: 'Lucien Alvarez' was banned by 'Xena_Narko /YTB/Twitch' for 'Banned by staff.' until '07/09/2020 20:26:36'.
[	09-07-2020 18:56:44	] [BAN ACTION] A new ban record has been added. Player: 'InvalidPlayerName' was banned by 'Xena_Narko /YTB/Twitch' for 'Banned by staff.' until '01/01/3000 00:00:00'.
[	09-07-2020 18:56:53	] [BAN ACTION] A new ban record has been added. Player: 'Diego Sanchez' was banned by 'Xena_Narko /YTB/Twitch' for 'Banned by staff.' until '01/01/3000 00:00:00'.
[	13-07-2020 22:15:25	] [BAN ACTION] A new ban record has been added. Player: 'Owen Higgins | Marlon Taylor' was banned by 'Nathan Ferreira' for 'Banned by staff.' until '01/01/3000 00:00:00'.
[	04-08-2020 21:15:00	] [BAN ACTION] The following ban record has been removed (player unbanned). [Player: InvalidPlayerName was banned by [CMD-52]-Da-cunha-Jonathan for TROLL until 01/01/3000 00:00:00.]
[	04-08-2020 21:15:14	] [BAN ACTION] The following ban record has been removed (player unbanned). [Player: InvalidPlayerName was banned by [CMD-52]-Da-cunha-Jonathan for TROLL until 01/01/3000 00:00:00.]
[	04-08-2020 21:31:33	] [BAN ACTION] The following ban record has been removed (player unbanned). [Player: InvalidPlayerName was banned by [CMD-52]-Da-cunha-Jonathan for TROLL until 01/01/3000 00:00:00.]
[	04-08-2020 21:31:48	] [BAN ACTION] The following ban record has been removed (player unbanned). [Player: Richard Lopez was banned by [CMD-52]-Da-cunha-Jonathan for TROOL until 01/01/3000 00:00:00.]
[	18-08-2020 21:48:05	] [KICK ACTION] Player: Jonathan Da-cunha has kicked: DDUBYAYBDUYABUYDUAIOPDN for: You have been kicked. Reason: MERCI DE METTRE UN PR2NOM RP.
[	25-08-2020 22:04:51	] [BAN ACTION] A new ban record has been added. Player: 'Nico_Senna' was banned by 'Jonathan Da-cunha' for 'Alt F4' until '08/26/2020 00:04:51'.
[	27-08-2020 19:44:41	] [BAN ACTION] The following ban record has been removed (player unbanned). The player has been unbanned because their ban duration expired. [Player: Nico_Senna was banned by Jonathan Da-cunha for Alt F4 until 08/26/2020 00:04:51.]
[	31-08-2020 21:10:22	] [BAN ACTION] A new ban record has been added. Player: 'Wesley Banker' was banned by 'Jonathan Da-cunha' for 'Banned by staff.' until '01/01/3000 00:00:00'.
[	31-08-2020 21:11:11	] [BAN ACTION] A new ban record has been added. Player: 'Tom Baragouinne' was banned by 'Jonathan Da-cunha' for 'Banned by staff.' until '01/01/3000 00:00:00'.
[	31-08-2020 21:18:22	] [BAN ACTION] The following ban record has been removed (player unbanned). [Player: Tom Baragouinne was banned by Jonathan Da-cunha for Banned by staff. until 01/01/3000 00:00:00.]
[	05-09-2020 23:44:47	] [KICK ACTION] Player: Jonathan Da-cunha has kicked: Srtymie for: You have been kicked. Reason: NOMS RP STEAM STP .
[	25-10-2020 16:36:19	] [BAN ACTION] The following ban record has been removed (player unbanned). [Player: Chumtm3 was banned by Nathan Ferreira for Banned by staff. until 01/01/3000 00:00:00.]
[	25-10-2020 16:37:20	] [BAN ACTION] The following ban record has been removed (player unbanned). [Player: Owen Higgins | Marlon Taylor was banned by Nathan Ferreira for Banned by staff. until 01/01/3000 00:00:00.]
[	25-10-2020 16:37:27	] [BAN ACTION] The following ban record has been removed (player unbanned). [Player: hsk35 was banned by Nathan Ferreira for Banned by staff. until 06/30/2020 23:53:58.]
[	25-10-2020 16:37:34	] [BAN ACTION] The following ban record has been removed (player unbanned). [Player: xGhostNxme was banned by Nathan Ferreira for Banned by staff. until 01/01/3000 00:00:00.]
[	25-10-2020 16:37:39	] [BAN ACTION] The following ban record has been removed (player unbanned). [Player: InvalidPlayerName was banned by Nathan Ferreira for Banned by staff. until 01/01/3000 00:00:00.]
[	25-10-2020 16:37:45	] [BAN ACTION] The following ban record has been removed (player unbanned). [Player: InvalidPlayerName was banned by Nathan Ferreira for Banned by staff. until 01/01/3000 00:00:00.]
[	25-10-2020 16:37:52	] [BAN ACTION] The following ban record has been removed (player unbanned). [Player: Daris944 was banned by Nathan Ferreira for free kill until 06/29/2020 23:37:53.]
[	25-10-2020 21:33:57	] [KICK ACTION] Joueur: Jonathan Da-cunha a kick: Pablo Dosantos pour: Vous avez été expulsé. Raison: MERCI DE FAIRE UNE CONDUITE RP.
[	25-10-2020 22:15:52	] [KICK ACTION] Joueur: Jonathan Da-cunha a kick: THOMAS LOUGIER pour: Vous avez été expulsé. Raison: PREMIER AVERTISEMENT MERCI DE NE PAS PARLER DANS LE CHAT.
[	25-10-2020 22:19:44	] [KICK ACTION] Joueur: Jonathan Da-cunha a kick: Tyshoon Larenne pour: Vous avez été expulsé. Raison: MERCI DE NE PAS PARLER DANS LE CHAT PREMIER AVERTISSEMENT.
[	25-10-2020 22:52:16	] [BAN ACTION] A new ban record has been added. Player: 'Pablo Dosantos' was banned by 'Jonathan Da-cunha' for 'Banni par un Admin.' until '10/25/2020 22:58:16'.
[	25-10-2020 22:53:45	] [BAN ACTION] The following ban record has been removed (player unbanned). [Player: Pablo Dosantos was banned by Jonathan Da-cunha for Banni par un Admin. until 10/25/2020 22:58:16.]
[	26-10-2020 15:45:15	] [KICK ACTION] Joueur: Antoine Harder a kick: Calvin Tazz / Justy pour: Vous avez été expulsé. Raison: Ne joue pas trop rp .
[	26-10-2020 22:08:48	] [BAN ACTION] A new ban record has been added. Player: 'JOHNY VIDSON' was banned by 'Antoine Harder' for 'modder' until '11/25/2020 22:08:48'.
[	26-10-2020 22:16:38	] [BAN ACTION] The following ban record has been removed (player unbanned). [Player: JOHNY VIDSON was banned by Antoine Harder for modder until 11/25/2020 22:08:48.]
[	27-10-2020 17:00:32	] [KICK ACTION] Joueur: Antoine Harder a kick: Alexandro Panzani pour: Vous avez été expulsé. Raison: vein en besoin de staff tous de suite.
[	27-10-2020 17:12:39	] [BAN ACTION] A new ban record has been added. Player: 'Venox' was banned by 'Antoine Harder' for 'Modder' until '01/01/3000 00:00:00'.
[	27-10-2020 17:12:48	] [BAN ACTION] A new ban record has been added. Player: 'pascal dupuit' was banned by 'Antoine Harder' for 'Modder' until '01/01/3000 00:00:00'.
[	29-10-2020 13:57:00	] [KICK ACTION] Joueur: Antoine Harder a kick: Diego Walter/Bobby Walter pour: Vous avez été expulsé. Raison: Prochaine fois avertisement je rigole plus .
[	29-10-2020 23:10:30	] [KICK ACTION] Joueur: (Gateau L'oreo/Uno Gambino) a kick: Diego Walter/Bobby Walter pour: Vous avez été expulsé. Raison: manque de respect.
[	30-10-2020 14:20:08	] [BAN ACTION] A new ban record has been added. Player: 'Calvin Tazz / Justy' was banned by '(Gateau L'oreo/Uno Gambino)' for 'Banni par un Admin.' until '01/01/3000 00:00:00'.
[	30-10-2020 23:07:43	] [KICK ACTION] Joueur: Antoine Harder a kick: optomazaanoune pour: Vous avez été expulsé. Raison: PAS LE BON PERSO.
[	30-10-2020 23:42:55	] [BAN ACTION] A new ban record has been added. Player: 'optomazaanoune' was banned by '(Gateau L'oreo/Uno Gambino)' for 'Banni par un Admin.' until '01/01/3000 00:00:00'.
[	31-10-2020 20:51:21	] [BAN ACTION] The following ban record has been removed (player unbanned). [Player: Calvin Tazz / Justy was banned by (Gateau L'oreo/Uno Gambino) for Banni par un Admin. until 01/01/3000 00:00:00.]
[	02-11-2020 16:04:35	] [KICK ACTION] Joueur: Antoine Harder a kick: Jean Lebus pour: Vous avez été expulsé. Raison: Serveur off.
[	08-11-2020 01:36:19	] [BAN ACTION] A new ban record has been added. Player: 'Antonio Tumsul' was banned by 'Antoine Harder' for 'Staff' until '01/01/3000 00:00:00'.
[	08-11-2020 01:36:37	] [BAN ACTION] A new ban record has been added. Player: 'InvalidPlayerName' was banned by 'Antoine Harder' for 'Troll' until '01/01/3000 00:00:00'.
[	08-11-2020 01:36:47	] [BAN ACTION] A new ban record has been added. Player: 'InvalidPlayerName' was banned by 'Antoine Harder' for 'Troll' until '01/01/3000 00:00:00'.
[	08-11-2020 18:21:09	] [KICK ACTION] Joueur: Antoine Harder a kick: Nesto pour: Vous avez été expulsé. Raison: va faire ton perso correctement.
[	10-11-2020 00:20:01	] [BAN ACTION] A new ban record has been added. Player: 'Scott Busons' was banned by 'Antoine Harder' for 'Modder' until '01/01/3000 00:00:00'.
[	11-11-2020 00:18:01	] [BAN ACTION] A new ban record has been added. Player: 'Rico Bernoulli' was banned by 'Antoine Harder' for 'Modder' until '01/01/3000 00:00:00'.
[	11-11-2020 00:20:01	] [BAN ACTION] A new ban record has been added. Player: 'Elie/Florentino Bernoulli' was banned by 'Antoine Harder' for 'Mass RP' until '01/01/3000 00:00:00'.
[	11-11-2020 00:55:59	] [BAN ACTION] The following ban record has been removed (player unbanned). [Player: Elie/Florentino Bernoulli was banned by Antoine Harder for Mass RP until 01/01/3000 00:00:00.]
[	11-11-2020 00:56:05	] [BAN ACTION] The following ban record has been removed (player unbanned). [Player: Rico Bernoulli was banned by Antoine Harder for Modder until 01/01/3000 00:00:00.]
[	16-11-2020 14:41:26	] [KICK ACTION] Joueur: Antoine Harder a kick: Florentino Bernoulli pour: Vous avez été expulsé. Raison: off.
[	28-11-2020 19:51:02	] [KICK ACTION] Joueur: Antoine Harder a kick: Rico Bernoulli pour: Vous avez été expulsé. Raison: serveur off.
[	04-12-2020 20:00:24	] [KICK ACTION] Joueur: Henrique Lopez a kick: DR scary pour: Vous avez été expulsé. Raison: nom rp .
[	04-12-2020 20:21:28	] [KICK ACTION] Joueur: Furkazz | Mike Henderson a kick: DR scary pour: Vous avez été expulsé. Raison: aucune reponse.
[	04-12-2020 20:26:35	] [BAN ACTION] A new ban record has been added. Player: 'DR scary' was banned by 'Furkazz | Mike Henderson' for 'aucune reponse aux multiples avertissements' until '01/03/2021 20:26:35'.
[	04-12-2020 20:34:04	] [BAN ACTION] The following ban record has been removed (player unbanned). [Player: DR scary was banned by Furkazz | Mike Henderson for aucune reponse aux multiples avertissements until 01/03/2021 20:26:35.]
[	06-12-2020 19:12:49	] [KICK ACTION] Joueur: Antoine Harder a kick: Jake Wilson pour: Vous avez été expulsé. Raison: server off .
[	06-12-2020 19:18:36	] [KICK ACTION] Joueur: Antoine Harder a kick: Mick Larenne pour: Vous avez été expulsé. Raison: serveur off.
[	06-12-2020 19:57:19	] [KICK ACTION] Joueur: Antoine Harder a kick: Baba Carlos pour: Vous avez été expulsé. Raison: serveur off.
[	15-12-2020 20:20:15	] [KICK ACTION] Joueur: Antoine Harder a kick: Alex Mc Managhan pour: Vous avez été expulsé. Raison: serveur pas on .
[	15-12-2020 22:51:20	] [KICK ACTION] Joueur: Jonathan Da-cunha a kick: Jordan McKing/sekou malouf pour: Vous avez été expulsé. Raison: TU ET WIP TU PEUX COMMENCER UN PERSO.
[	21-12-2020 23:07:35	] [BAN ACTION] A new ban record has been added. Player: 'Emma Allen' was banned by 'Uno Gambino' for 'Banni par un Admin.' until '01/01/3000 00:00:00'.
[	21-12-2020 23:07:42	] [BAN ACTION] A new ban record has been added. Player: 'Michael Allen' was banned by 'Uno Gambino' for 'Banni par un Admin.' until '01/01/3000 00:00:00'.
[	21-12-2020 23:07:51	] [BAN ACTION] A new ban record has been added. Player: 'InvalidPlayerName' was banned by 'Uno Gambino' for 'Banni par un Admin.' until '01/01/3000 00:00:00'.
[	21-12-2020 23:08:08	] [BAN ACTION] A new ban record has been added. Player: 'Alexandre Allen' was banned by 'Uno Gambino' for 'Banni par un Admin.' until '01/01/3000 00:00:00'.
[	29-12-2020 21:33:57	] [KICK ACTION] Joueur: Antoine Harder a kick: Eliot Plamondon/sekou malouf pour: Vous avez été expulsé. Raison: Va te calmer un petit peu et ouvre tes oreille .
[	30-12-2020 20:26:16	] [KICK ACTION] Joueur: Jonathan Da-cunha a kick: YS pour: Vous avez été expulsé. Raison: NOM RP STEAM MERCI .
[	31-12-2020 17:43:03	] [KICK ACTION] Joueur: Antoine Harder a kick: ANTOINE STYMIS pour: Vous avez été expulsé. Raison: serveur off.
[	01-01-2021 22:17:49	] [BAN ACTION] A new ban record has been added. Player: 'Ben Ali' was banned by 'Jonathan Da-cunha' for 'Banni par un Admin.' until '01/01/3000 00:00:00'.
[	02-01-2021 04:10:31	] [KICK ACTION] Joueur: Uno Gambino a kick: PabloPito pour: Vous avez été expulsé. Raison: freekill 24h.
[	02-01-2021 04:11:08	] [KICK ACTION] Joueur: Uno Gambino a kick: dechene William pour: Vous avez été expulsé. Raison: freekill 24h de kick .
[	02-01-2021 22:58:24	] [KICK ACTION] Joueur: Furkazz | Mike Henderson a kick: Serkan Menendez pour: Vous avez été expulsé. Raison: stop les insultes.
[	04-01-2021 19:11:29	] [KICK ACTION] Joueur: Antoine Harder a kick: Jax Walker pour: Vous avez été expulsé. Raison: SERVEUR OFF.
[	04-01-2021 21:59:16	] [KICK ACTION] Joueur: Furkazz | Mike Henderson a kick: Conrad Ross pour: Vous avez été expulsé. Raison: conduite HRP dans les escaliers ?! bien ouej.
[	04-01-2021 22:26:08	] [KICK ACTION] Joueur: Furkazz | Mike Henderson a kick: HammerBoy pour: Vous avez été expulsé. Raison: love u.
[	05-01-2021 00:47:41	] [KICK ACTION] Joueur: Furkazz | Mike Henderson a kick: Totof Lupez pour: Vous avez été expulsé. Raison: love u.
[	05-01-2021 19:47:33	] [KICK ACTION] Joueur: Antoine Harder a kick: Kelvin Kaynn pour: Vous avez été expulsé. Raison: serveur off.
[	05-01-2021 20:02:15	] [KICK ACTION] Joueur: Antoine Harder a kick: Alex Mc Managhan pour: Vous avez été expulsé. Raison: serveur off.
[	09-01-2021 18:04:03	] [KICK ACTION] Joueur: Antoine Harder a kick: Isaac Mccall pour: Vous avez été expulsé. Raison: serveur off.
[	09-01-2021 18:06:32	] [KICK ACTION] Joueur: Antoine Harder a kick: Isaac Mccall pour: Vous avez été expulsé. Raison: serveur off .
[	09-01-2021 18:07:15	] [KICK ACTION] Joueur: Antoine Harder a kick: Christopher Pouniette pour: Vous avez été expulsé. Raison: serveur off.
[	11-01-2021 19:10:15	] [KICK ACTION] Joueur: Antoine Harder a kick: LFT ZIIKOO pour: Vous avez été expulsé. Raison: serveur off .
[	13-01-2021 16:45:17	] [KICK ACTION] Joueur: Antoine Harder a kick: Michel Aboubacar pour: Vous avez été expulsé. Raison: serveur off .
[	17-01-2021 01:21:36	] [KICK ACTION] Joueur: Furkazz | Mike Henderson a kick: KayZoX I Aurélien Portosse pour: Vous avez été expulsé. Raison: braquage pas possible au couteau et surtout en deux roues ! attends les flics sur ça.
[	18-01-2021 19:10:59	] [KICK ACTION] Joueur: Furkazz | Mike Henderson a kick: Miguel Lupez pour: Vous avez été expulsé. Raison: Je t'ai deco pour pas que tu soit mort de faim , dit nous quand tu re , je t'ai garé ta voiture pdp.
[	18-01-2021 19:29:20	] [KICK ACTION] Joueur: Furkazz | Mike Henderson a kick: Antonio Fuego pour: Vous avez été expulsé. Raison: bravo l'insulte !.
[	20-01-2021 21:42:51	] [KICK ACTION] Joueur: Furkazz | Mike Henderson a kick: Miguel Lupez pour: Vous avez été expulsé. Raison: tes infos hrp et ton metagaming arrete le tout de suite !.
[	23-01-2021 19:46:42	] [KICK ACTION] Joueur: Antoine Harder a kick: Julian Javez pour: Vous avez été expulsé. Raison: serveur toujour off.
[	24-01-2021 02:31:41	] [BAN ACTION] A new ban record has been added. Player: 'Lorenzo Legrino Khat' was banned by 'Alex Williams' for 'tROLL' until '01/01/3000 00:00:00'.
[	25-01-2021 22:46:18	] [BAN ACTION] A new ban record has been added. Player: 'Mathieu walker' was banned by 'Jason Da-cunha' for 'Banni par un Admin.' until '01/26/2021 22:46:18'.
[	27-01-2021 15:04:06	] [KICK ACTION] Joueur: Jason Da-cunha a kick: Frank Kenway pour: Vous avez été expulsé. Raison: e.
[	27-01-2021 15:36:43	] [KICK ACTION] Joueur: Jason Da-cunha a kick: BananaGame ( James Harris ) pour: Vous avez été expulsé. Raison: e.
[	27-01-2021 15:38:25	] [KICK ACTION] Joueur: Jason Da-cunha a kick: BananaGame ( James Harris ) pour: Vous avez été expulsé. Raison: SERVEUR OFF.
[	04-02-2021 01:39:21	] [KICK ACTION] Joueur: Furkazz | Mike Henderson a kick: Mike Santiano FT LiNz pour: Vous avez été expulsé. Raison: tes pas synchro sur le serv c'est pour ça :).
[	05-02-2021 23:58:21	] [BAN ACTION] A new ban record has been added. Player: 'Ugo Blaise' was banned by 'Antoine Harder' for 'HRP et NO PAIN' until '02/06/2021 23:58:21'.
[	06-02-2021 22:56:28	] [BAN ACTION] A new ban record has been added. Player: 'karim boudou' was banned by 'Barker Jason' for 'Banni par un Admin.' until '02/07/2021 22:56:28'.
[	07-02-2021 22:57:56	] [BAN ACTION] The following ban record has been removed (player unbanned). The player has been unbanned because their ban duration expired. [Player: karim boudou was banned by Barker Jason for Banni par un Admin. until 02/07/2021 22:56:28.]
[	09-02-2021 17:43:40	] [BAN ACTION] The following ban record has been removed (player unbanned). The player has been unbanned because their ban duration expired. [Player: Ugo Blaise was banned by Antoine Harder for HRP et NO PAIN until 02/06/2021 23:58:21.]
[	10-02-2021 00:53:49	] [BAN ACTION] A new ban record has been added. Player: 'karim boudou' was banned by 'Barker Jason' for 'Banni par un Admin.' until '02/11/2021 00:53:49'.
[	11-02-2021 18:17:15	] [BAN ACTION] The following ban record has been removed (player unbanned). The player has been unbanned because their ban duration expired. [Player: karim boudou was banned by Barker Jason for Banni par un Admin. until 02/11/2021 00:53:49.]
[	12-02-2021 23:28:10	] [BAN ACTION] A new ban record has been added. Player: 'David Binga' was banned by 'Barker Jason' for 'Banni' until '01/01/3000 00:00:00'.
[	12-02-2021 23:28:23	] [BAN ACTION] A new ban record has been added. Player: 'Romain Binga' was banned by 'Barker Jason' for 'Banni' until '01/01/3000 00:00:00'.
[	13-02-2021 15:05:52	] [KICK ACTION] Joueur: Antoine Harder a kick: Jay Wiliams pour: Vous avez été expulsé. Raison: serveur off.
[	13-02-2021 15:09:04	] [KICK ACTION] Joueur: Antoine Harder a kick: Sonny Rosemond pour: Vous avez été expulsé. Raison: serveur offf.
[	13-02-2021 15:09:13	] [KICK ACTION] Joueur: Antoine Harder a kick: Jay Wiliams pour: Vous avez été expulsé. Raison: serveur offf.
[	14-02-2021 13:41:58	] [KICK ACTION] Joueur: Antoine Harder a kick: David Flash pour: Vous avez été expulsé. Raison: serveur off .
[	15-02-2021 17:55:24	] [KICK ACTION] Joueur: Barker Jason a kick: Scott Taylor pour: Vous avez été expulsé. Raison: TU SES LIRE OU TU VEUX QUE JE TE MONTRE COMMENT LIRE.
[	19-02-2021 17:15:29	] [KICK ACTION] Joueur: Antoine Harder a kick: Slava Azinov pour: Vous avez été expulsé. Raison: serveur off.
[	19-02-2021 17:20:52	] [KICK ACTION] Joueur: Antoine Harder a kick: Slava Azinov pour: Vous avez été expulsé. Raison: serveur off.
[	21-02-2021 18:11:38	] [KICK ACTION] Joueur: Antoine Harder a kick: Lewis Junior pour: Vous avez été expulsé. Raison: serveur off.
[	27-02-2021 22:51:22	] [KICK ACTION] Joueur: Antoine Harder a kick: Andreï Azinov pour: Vous avez été expulsé. Raison: RECO TOI STP.
[	13-03-2021 22:37:12	] [KICK ACTION] Joueur: Furkazz | Mike Henderson a kick: Milo Colombo pour: Vous avez été expulsé. Raison: crash.
[	28-03-2021 15:39:37	] [KICK ACTION] Joueur: Baker Jason a kick: Christophe Pitte pour: Vous avez été expulsé. Raison: Conduite no rp .
[	02-05-2021 13:24:38	] [KICK ACTION] Joueur: Baker Jason a kick: Thomas price pour: Vous avez été expulsé. Raison: SERVEUR EN DEV .
